<?xml version="1.0" encoding="UTF-8"?>
<!-- Generated by org.testng.reporters.JUnitReportReporter -->
<testsuite name="Muvi.Grid.Value" tests="2" time="69.282" ignored="0" failures="0" timestamp="22 Apr 2019 12:43:38 GMT" skipped="0" hostname="sidcluc4" errors="0">
  <testcase name="g" time="53.729" classname="Muvi.Grid.Value"/>
  <testcase name="f" time="15.553" classname="Muvi.Grid.Value"/>
</testsuite> <!-- Muvi.Grid.Value -->
